#! /usr/local/Cellar/icarus-verilog/12.0/bin/vvp
:ivl_version "12.0 (stable)";
:ivl_delay_selection "TYPICAL";
:vpi_time_precision - 12;
:vpi_module "/usr/local/Cellar/icarus-verilog/12.0/lib/ivl/system.vpi";
:vpi_module "/usr/local/Cellar/icarus-verilog/12.0/lib/ivl/vhdl_sys.vpi";
:vpi_module "/usr/local/Cellar/icarus-verilog/12.0/lib/ivl/vhdl_textio.vpi";
:vpi_module "/usr/local/Cellar/icarus-verilog/12.0/lib/ivl/v2005_math.vpi";
:vpi_module "/usr/local/Cellar/icarus-verilog/12.0/lib/ivl/va_math.vpi";
S_0x7f86907046e0 .scope module, "sram_tb" "sram_tb" 2 6;
 .timescale -9 -12;
P_0x7f8690704850 .param/l "col" 0 2 26, +C4<00000000000000000000000000000000>;
P_0x7f8690704890 .param/l "run_cycle" 0 2 25, +C4<00000000000000000000000001000000>;
v0x7f8691707f00_0 .var "A", 10 0;
v0x7f8691707fd0_0 .var "CEN_EXT", 0 0;
v0x7f8691708060_0 .var "CEN_Q", 0 0;
v0x7f86917080f0_0 .var "CLK", 0 0;
v0x7f86917081a0_0 .var "D", 31 0;
v0x7f8691708270 .array "D_2D", 0 63, 31 0;
v0x7f8691708300_0 .net "Q", 31 0, L_0x7f8691708ad0;  1 drivers
v0x7f86917083b0_0 .var "WEN_EXT", 0 0;
v0x7f8691708440_0 .var "WEN_Q", 0 0;
v0x7f8691708570_0 .var/i "captured_data", 31 0;
v0x7f8691708600_0 .var/i "error", 31 0;
v0x7f8691708690_0 .var/i "t", 31 0;
v0x7f8691708720_0 .var/i "x_file", 31 0;
v0x7f86917087d0_0 .var/i "x_scan_file", 31 0;
S_0x7f8690704990 .scope module, "sram_instance" "sram_32b_w2048" 2 28, 3 3 0, S_0x7f86907046e0;
 .timescale 0 0;
    .port_info 0 /INPUT 1 "CLK";
    .port_info 1 /INPUT 32 "D";
    .port_info 2 /OUTPUT 32 "Q";
    .port_info 3 /INPUT 1 "CEN";
    .port_info 4 /INPUT 1 "WEN";
    .port_info 5 /INPUT 11 "A";
P_0x7f8690704b00 .param/l "num" 0 3 11, +C4<00000000000000000000100000000000>;
L_0x7f8691708ad0 .functor BUFZ 32, L_0x7f8691708880, C4<00000000000000000000000000000000>, C4<00000000000000000000000000000000>, C4<00000000000000000000000000000000>;
v0x7f8690704cd0_0 .net "A", 10 0, v0x7f8691707f00_0;  1 drivers
v0x7f8691707740_0 .net "CEN", 0 0, v0x7f8691708060_0;  1 drivers
v0x7f86917077f0_0 .net "CLK", 0 0, v0x7f86917080f0_0;  1 drivers
v0x7f86917078a0_0 .net "D", 31 0, v0x7f86917081a0_0;  1 drivers
v0x7f8691707930_0 .net "Q", 31 0, L_0x7f8691708ad0;  alias, 1 drivers
v0x7f8691707a10_0 .net "WEN", 0 0, v0x7f8691708440_0;  1 drivers
v0x7f8691707ab0_0 .net *"_ivl_0", 31 0, L_0x7f8691708880;  1 drivers
v0x7f8691707b60_0 .net *"_ivl_2", 12 0, L_0x7f8691708970;  1 drivers
L_0x7f8691663008 .functor BUFT 1, C4<00>, C4<0>, C4<0>, C4<0>;
v0x7f8691707c10_0 .net *"_ivl_5", 1 0, L_0x7f8691663008;  1 drivers
v0x7f8691707d20_0 .var "add_q", 10 0;
v0x7f8691707dd0 .array "memory", 0 2047, 31 0;
E_0x7f8690704c90 .event posedge, v0x7f86917077f0_0;
L_0x7f8691708880 .array/port v0x7f8691707dd0, L_0x7f8691708970;
L_0x7f8691708970 .concat [ 11 2 0 0], v0x7f8691707d20_0, L_0x7f8691663008;
    .scope S_0x7f8690704990;
T_0 ;
    %wait E_0x7f8690704c90;
    %load/vec4 v0x7f8691707740_0;
    %nor/r;
    %flag_set/vec4 9;
    %flag_get/vec4 9;
    %jmp/0 T_0.2, 9;
    %load/vec4 v0x7f8691707a10_0;
    %and;
T_0.2;
    %flag_set/vec4 8;
    %jmp/0xz  T_0.0, 8;
    %load/vec4 v0x7f8690704cd0_0;
    %assign/vec4 v0x7f8691707d20_0, 0;
T_0.0 ;
    %load/vec4 v0x7f8691707740_0;
    %nor/r;
    %flag_set/vec4 9;
    %flag_get/vec4 9;
    %jmp/0 T_0.5, 9;
    %load/vec4 v0x7f8691707a10_0;
    %nor/r;
    %and;
T_0.5;
    %flag_set/vec4 8;
    %jmp/0xz  T_0.3, 8;
    %load/vec4 v0x7f86917078a0_0;
    %load/vec4 v0x7f8690704cd0_0;
    %pad/u 13;
    %ix/vec4 3;
    %ix/load 4, 0, 0; Constant delay
    %assign/vec4/a/d v0x7f8691707dd0, 0, 4;
T_0.3 ;
    %jmp T_0;
    .thread T_0;
    .scope S_0x7f86907046e0;
T_1 ;
    %pushi/vec4 0, 0, 1;
    %store/vec4 v0x7f86917080f0_0, 0, 1;
    %pushi/vec4 0, 0, 11;
    %store/vec4 v0x7f8691707f00_0, 0, 11;
    %pushi/vec4 0, 0, 32;
    %store/vec4 v0x7f86917081a0_0, 0, 32;
    %pushi/vec4 0, 0, 1;
    %store/vec4 v0x7f8691707fd0_0, 0, 1;
    %pushi/vec4 1, 0, 1;
    %store/vec4 v0x7f86917083b0_0, 0, 1;
    %end;
    .thread T_1;
    .scope S_0x7f86907046e0;
T_2 ;
    %vpi_call 2 39 "$dumpfile", "sram_tb.vcd" {0 0 0};
    %vpi_call 2 40 "$dumpvars", 32'sb00000000000000000000000000000000, S_0x7f86907046e0 {0 0 0};
    %vpi_func 2 42 "$fopen" 32, "activation.txt", "r" {0 0 0};
    %store/vec4 v0x7f8691708720_0, 0, 32;
    %vpi_func 2 45 "$fscanf" 32, v0x7f8691708720_0, "%s", v0x7f8691708570_0 {0 0 0};
    %store/vec4 v0x7f86917087d0_0, 0, 32;
    %vpi_func 2 46 "$fscanf" 32, v0x7f8691708720_0, "%s", v0x7f8691708570_0 {0 0 0};
    %store/vec4 v0x7f86917087d0_0, 0, 32;
    %vpi_func 2 47 "$fscanf" 32, v0x7f8691708720_0, "%s", v0x7f8691708570_0 {0 0 0};
    %store/vec4 v0x7f86917087d0_0, 0, 32;
    %delay 20000, 0;
    %pushi/vec4 1, 0, 1;
    %store/vec4 v0x7f86917080f0_0, 0, 1;
    %delay 20000, 0;
    %pushi/vec4 0, 0, 1;
    %store/vec4 v0x7f86917080f0_0, 0, 1;
    %pushi/vec4 0, 0, 1;
    %store/vec4 v0x7f86917083b0_0, 0, 1;
    %delay 20000, 0;
    %pushi/vec4 1, 0, 1;
    %store/vec4 v0x7f86917080f0_0, 0, 1;
    %pushi/vec4 0, 0, 32;
    %store/vec4 v0x7f8691708690_0, 0, 32;
T_2.0 ;
    %load/vec4 v0x7f8691708690_0;
    %cmpi/s 63, 0, 32;
    %jmp/0xz T_2.1, 5;
    %delay 20000, 0;
    %pushi/vec4 0, 0, 1;
    %store/vec4 v0x7f86917080f0_0, 0, 1;
    %load/vec4 v0x7f8691707f00_0;
    %addi 1, 0, 11;
    %store/vec4 v0x7f8691707f00_0, 0, 11;
    %vpi_func 2 61 "$fscanf" 32, v0x7f8691708720_0, "%32b", v0x7f86917081a0_0 {0 0 0};
    %store/vec4 v0x7f86917087d0_0, 0, 32;
    %load/vec4 v0x7f86917081a0_0;
    %ix/getv/s 4, v0x7f8691708690_0;
    %store/vec4a v0x7f8691708270, 4, 0;
    %vpi_call 2 63 "$display", "%2d-th written data is %h", v0x7f8691708690_0, v0x7f86917081a0_0 {0 0 0};
    %delay 20000, 0;
    %pushi/vec4 1, 0, 1;
    %store/vec4 v0x7f86917080f0_0, 0, 1;
    %load/vec4 v0x7f8691708690_0;
    %addi 1, 0, 32;
    %store/vec4 v0x7f8691708690_0, 0, 32;
    %jmp T_2.0;
T_2.1 ;
    %delay 20000, 0;
    %pushi/vec4 0, 0, 1;
    %store/vec4 v0x7f86917080f0_0, 0, 1;
    %pushi/vec4 1, 0, 1;
    %store/vec4 v0x7f86917083b0_0, 0, 1;
    %pushi/vec4 0, 0, 11;
    %store/vec4 v0x7f8691707f00_0, 0, 11;
    %delay 20000, 0;
    %pushi/vec4 1, 0, 1;
    %store/vec4 v0x7f86917080f0_0, 0, 1;
    %delay 20000, 0;
    %pushi/vec4 0, 0, 1;
    %store/vec4 v0x7f86917080f0_0, 0, 1;
    %load/vec4 v0x7f8691707f00_0;
    %addi 1, 0, 11;
    %store/vec4 v0x7f8691707f00_0, 0, 11;
    %pushi/vec4 0, 0, 32;
    %store/vec4 v0x7f8691708600_0, 0, 32;
    %delay 20000, 0;
    %pushi/vec4 1, 0, 1;
    %store/vec4 v0x7f86917080f0_0, 0, 1;
    %pushi/vec4 0, 0, 32;
    %store/vec4 v0x7f8691708690_0, 0, 32;
T_2.2 ;
    %load/vec4 v0x7f8691708690_0;
    %cmpi/s 63, 0, 32;
    %jmp/0xz T_2.3, 5;
    %delay 20000, 0;
    %pushi/vec4 0, 0, 1;
    %store/vec4 v0x7f86917080f0_0, 0, 1;
    %load/vec4 v0x7f8691707f00_0;
    %addi 1, 0, 11;
    %store/vec4 v0x7f8691707f00_0, 0, 11;
    %ix/getv/s 4, v0x7f8691708690_0;
    %load/vec4a v0x7f8691708270, 4;
    %load/vec4 v0x7f8691708300_0;
    %cmp/e;
    %jmp/0xz  T_2.4, 4;
    %vpi_call 2 80 "$display", "%2d-th read data is %h --- Data matched", v0x7f8691708690_0, v0x7f8691708300_0 {0 0 0};
    %jmp T_2.5;
T_2.4 ;
    %vpi_call 2 82 "$display", "%2d-th read data is %h --- Data ERROR !!!", v0x7f8691708690_0, v0x7f8691708300_0 {0 0 0};
    %load/vec4 v0x7f8691708600_0;
    %addi 1, 0, 32;
    %store/vec4 v0x7f8691708600_0, 0, 32;
T_2.5 ;
    %delay 20000, 0;
    %pushi/vec4 1, 0, 1;
    %store/vec4 v0x7f86917080f0_0, 0, 1;
    %load/vec4 v0x7f8691708690_0;
    %addi 1, 0, 32;
    %store/vec4 v0x7f8691708690_0, 0, 32;
    %jmp T_2.2;
T_2.3 ;
    %vpi_call 2 90 "$display", "###### Total %2d errors are detected ######", v0x7f8691708600_0 {0 0 0};
    %delay 10000, 0;
    %vpi_call 2 91 "$finish" {0 0 0};
    %end;
    .thread T_2;
    .scope S_0x7f86907046e0;
T_3 ;
    %wait E_0x7f8690704c90;
    %load/vec4 v0x7f86917083b0_0;
    %assign/vec4 v0x7f8691708440_0, 0;
    %load/vec4 v0x7f8691707fd0_0;
    %assign/vec4 v0x7f8691708060_0, 0;
    %jmp T_3;
    .thread T_3;
# The file index is used to find the file name in the following table.
:file_names 4;
    "N/A";
    "<interactive>";
    "sram_tb.v";
    "./sram_32b_w2048.v";
